INFO  - 2021-03-30 20:02:34  [main] org.springframework.boot.StartupInfoLogger.logStarting(StartupInfoLogger.java:55) -- Starting WeChatBotApplication on WIN-5IVPKP15K6N with PID 48508 (D:\developing\wechat\WechatBot\target\classes started by Administrator in D:\developing\wechat\WechatBot) 
INFO  - 2021-03-30 20:02:34  [main] org.springframework.boot.SpringApplication.logStartupProfileInfo(SpringApplication.java:651) -- No active profile set, falling back to default profiles: default 
INFO  - 2021-03-30 20:02:35  [WebSocketConnectReadThread-19] com.bingeox.wechatbot.config.WeChatBotClient.onOpen(WeChatBotClient.java:41) -- 正在打开链接....httpStatu:101 httpStatusMessage:Switching Protocols 
INFO  - 2021-03-30 20:02:35  [main] com.bingeox.wechatbot.config.WeChatBotConfig.initWeChatBotClient(WeChatBotConfig.java:22) -- 正在链接... 
INFO  - 2021-03-30 20:02:35  [scheduling-1] com.bingeox.wechatbot.service.TestService.showNews(TestService.java:22) -- ------sendTextMsg------- 
INFO  - 2021-03-30 20:02:35  [main] org.springframework.boot.StartupInfoLogger.logStarted(StartupInfoLogger.java:61) -- Started WeChatBotApplication in 1.667 seconds (JVM running for 4.434) 
INFO  - 2021-03-30 20:02:35  [scheduling-1] com.bingeox.wechatbot.handler.WeChatMessageHandler.sendTextMsg(WeChatMessageHandler.java:59) -- sendTextMsg:{"content":"我用Java发送的微信！","ext":"null","id":"1617105755742","nickname":"null","roomid":"null","type":555,"wxid":"filehelper"} 
INFO  - 2021-03-30 20:02:35  [WebSocketConnectReadThread-19] com.bingeox.wechatbot.config.WeChatBotClient.onMessage(WeChatBotClient.java:32) -- 原始消息：{"content":"send txt msg:asm execution succsessed","id":"1617105755742","receiver":"CLIENT","sender":"SERVER","srvid":1,"status":"SUCCSESSED","time":"2021-03-30 20:02:35","type":555} 
INFO  - 2021-03-30 20:02:40  [WebSocketConnectReadThread-19] com.bingeox.wechatbot.config.WeChatBotClient.onMessage(WeChatBotClient.java:32) -- 原始消息：{"content":"已经删了","id":"20210330200240","id1":"wp00007","id2":"20500707512@chatroom","srvid":1,"time":"2021-03-30 20:02:40","type":1,"wxid":"20500707512@chatroom"} 
INFO  - 2021-03-30 20:02:45  [WebSocketConnectReadThread-19] com.bingeox.wechatbot.config.WeChatBotClient.onMessage(WeChatBotClient.java:32) -- 原始消息：{"content":"heart beat","id":"20210330200245","receiver":"CLIENT","sender":"SERVER","srvid":1,"status":"SUCCSESSED","time":"2021-03-30 20:02:45","type":5005} 
INFO  - 2021-03-30 20:02:48  [WebSocketConnectReadThread-19] com.bingeox.wechatbot.config.WeChatBotClient.onMessage(WeChatBotClient.java:32) -- 原始消息：{"content":"啥都有吧","id":"20210330200248","id1":"wp00007","id2":"20500707512@chatroom","srvid":1,"time":"2021-03-30 20:02:48","type":1,"wxid":"20500707512@chatroom"} 
INFO  - 2021-03-30 20:02:53  [WebSocketConnectReadThread-19] com.bingeox.wechatbot.config.WeChatBotClient.onMessage(WeChatBotClient.java:32) -- 原始消息：{"content":"考研的","id":"20210330200253","id1":"wp00007","id2":"20500707512@chatroom","srvid":1,"time":"2021-03-30 20:02:53","type":1,"wxid":"20500707512@chatroom"} 
INFO  - 2021-03-30 20:03:15  [main] org.springframework.boot.StartupInfoLogger.logStarting(StartupInfoLogger.java:55) -- Starting WeChatBotApplication on WIN-5IVPKP15K6N with PID 47612 (D:\developing\wechat\WechatBot\target\classes started by Administrator in D:\developing\wechat\WechatBot) 
INFO  - 2021-03-30 20:03:15  [main] org.springframework.boot.SpringApplication.logStartupProfileInfo(SpringApplication.java:651) -- No active profile set, falling back to default profiles: default 
INFO  - 2021-03-30 20:03:16  [WebSocketConnectReadThread-19] com.bingeox.wechatbot.config.WeChatBotClient.onOpen(WeChatBotClient.java:41) -- 正在打开链接....httpStatu:101 httpStatusMessage:Switching Protocols 
INFO  - 2021-03-30 20:03:16  [main] com.bingeox.wechatbot.config.WeChatBotConfig.initWeChatBotClient(WeChatBotConfig.java:22) -- 正在链接... 
INFO  - 2021-03-30 20:03:16  [scheduling-1] com.bingeox.wechatbot.service.TestService.showNews(TestService.java:24) -- ------sendPicMsg------- 
INFO  - 2021-03-30 20:03:16  [main] org.springframework.boot.StartupInfoLogger.logStarted(StartupInfoLogger.java:61) -- Started WeChatBotApplication in 1.961 seconds (JVM running for 4.345) 
INFO  - 2021-03-30 20:03:16  [scheduling-1] com.bingeox.wechatbot.handler.WeChatMessageHandler.sendPicMsg(WeChatMessageHandler.java:76) -- sendPicMsg:{"content":"C:\\Users\\Administrator\\Desktop\\pic\\test.png","id":"1617105796842","type":500,"wxid":"filehelper"} 
INFO  - 2021-03-30 20:03:16  [WebSocketConnectReadThread-19] com.bingeox.wechatbot.config.WeChatBotClient.onClose(WeChatBotClient.java:46) -- 远程主机true关闭链接，关闭原因: 
INFO  - 2021-03-30 20:03:34  [main] org.springframework.boot.StartupInfoLogger.logStarting(StartupInfoLogger.java:55) -- Starting WeChatBotApplication on WIN-5IVPKP15K6N with PID 50536 (D:\developing\wechat\WechatBot\target\classes started by Administrator in D:\developing\wechat\WechatBot) 
INFO  - 2021-03-30 20:03:34  [main] org.springframework.boot.SpringApplication.logStartupProfileInfo(SpringApplication.java:651) -- No active profile set, falling back to default profiles: default 
INFO  - 2021-03-30 20:03:35  [main] com.bingeox.wechatbot.config.WeChatBotConfig.initWeChatBotClient(WeChatBotConfig.java:22) -- 正在链接... 
INFO  - 2021-03-30 20:03:36  [main] com.bingeox.wechatbot.config.WeChatBotConfig.initWeChatBotClient(WeChatBotConfig.java:22) -- 正在链接... 
INFO  - 2021-03-30 20:03:36  [main] com.bingeox.wechatbot.config.WeChatBotConfig.initWeChatBotClient(WeChatBotConfig.java:22) -- 正在链接... 
INFO  - 2021-03-30 20:03:36  [main] com.bingeox.wechatbot.config.WeChatBotConfig.initWeChatBotClient(WeChatBotConfig.java:22) -- 正在链接... 
INFO  - 2021-03-30 20:03:36  [main] com.bingeox.wechatbot.config.WeChatBotConfig.initWeChatBotClient(WeChatBotConfig.java:22) -- 正在链接... 
INFO  - 2021-03-30 20:03:36  [main] com.bingeox.wechatbot.config.WeChatBotConfig.initWeChatBotClient(WeChatBotConfig.java:22) -- 正在链接... 
INFO  - 2021-03-30 20:03:37  [main] com.bingeox.wechatbot.config.WeChatBotConfig.initWeChatBotClient(WeChatBotConfig.java:22) -- 正在链接... 
INFO  - 2021-03-30 20:03:37  [main] com.bingeox.wechatbot.config.WeChatBotConfig.initWeChatBotClient(WeChatBotConfig.java:22) -- 正在链接... 
INFO  - 2021-03-30 20:03:37  [main] com.bingeox.wechatbot.config.WeChatBotConfig.initWeChatBotClient(WeChatBotConfig.java:22) -- 正在链接... 
INFO  - 2021-03-30 20:03:37  [main] com.bingeox.wechatbot.config.WeChatBotConfig.initWeChatBotClient(WeChatBotConfig.java:22) -- 正在链接... 
INFO  - 2021-03-30 20:03:37  [main] com.bingeox.wechatbot.config.WeChatBotConfig.initWeChatBotClient(WeChatBotConfig.java:22) -- 正在链接... 
INFO  - 2021-03-30 20:03:38  [main] com.bingeox.wechatbot.config.WeChatBotConfig.initWeChatBotClient(WeChatBotConfig.java:22) -- 正在链接... 
INFO  - 2021-03-30 20:03:38  [main] com.bingeox.wechatbot.config.WeChatBotConfig.initWeChatBotClient(WeChatBotConfig.java:22) -- 正在链接... 
INFO  - 2021-03-30 20:03:38  [main] com.bingeox.wechatbot.config.WeChatBotConfig.initWeChatBotClient(WeChatBotConfig.java:22) -- 正在链接... 
INFO  - 2021-03-30 20:03:38  [main] com.bingeox.wechatbot.config.WeChatBotConfig.initWeChatBotClient(WeChatBotConfig.java:22) -- 正在链接... 
INFO  - 2021-03-30 20:03:38  [main] com.bingeox.wechatbot.config.WeChatBotConfig.initWeChatBotClient(WeChatBotConfig.java:22) -- 正在链接... 
INFO  - 2021-03-30 20:03:39  [main] com.bingeox.wechatbot.config.WeChatBotConfig.initWeChatBotClient(WeChatBotConfig.java:22) -- 正在链接... 
INFO  - 2021-03-30 20:03:39  [main] com.bingeox.wechatbot.config.WeChatBotConfig.initWeChatBotClient(WeChatBotConfig.java:22) -- 正在链接... 
INFO  - 2021-03-30 20:03:39  [main] com.bingeox.wechatbot.config.WeChatBotConfig.initWeChatBotClient(WeChatBotConfig.java:22) -- 正在链接... 
INFO  - 2021-03-30 20:03:39  [main] com.bingeox.wechatbot.config.WeChatBotConfig.initWeChatBotClient(WeChatBotConfig.java:22) -- 正在链接... 
INFO  - 2021-03-30 20:03:39  [main] com.bingeox.wechatbot.config.WeChatBotConfig.initWeChatBotClient(WeChatBotConfig.java:22) -- 正在链接... 
INFO  - 2021-03-30 20:03:40  [main] com.bingeox.wechatbot.config.WeChatBotConfig.initWeChatBotClient(WeChatBotConfig.java:22) -- 正在链接... 
INFO  - 2021-03-30 20:03:40  [main] com.bingeox.wechatbot.config.WeChatBotConfig.initWeChatBotClient(WeChatBotConfig.java:22) -- 正在链接... 
INFO  - 2021-03-30 20:04:02  [main] org.springframework.boot.StartupInfoLogger.logStarting(StartupInfoLogger.java:55) -- Starting WeChatBotApplication on WIN-5IVPKP15K6N with PID 49060 (D:\developing\wechat\WechatBot\target\classes started by Administrator in D:\developing\wechat\WechatBot) 
INFO  - 2021-03-30 20:04:02  [main] org.springframework.boot.SpringApplication.logStartupProfileInfo(SpringApplication.java:651) -- No active profile set, falling back to default profiles: default 
INFO  - 2021-03-30 20:04:03  [main] com.bingeox.wechatbot.config.WeChatBotConfig.initWeChatBotClient(WeChatBotConfig.java:22) -- 正在链接... 
INFO  - 2021-03-30 20:04:03  [main] com.bingeox.wechatbot.config.WeChatBotConfig.initWeChatBotClient(WeChatBotConfig.java:22) -- 正在链接... 
INFO  - 2021-03-30 20:04:04  [main] com.bingeox.wechatbot.config.WeChatBotConfig.initWeChatBotClient(WeChatBotConfig.java:22) -- 正在链接... 
INFO  - 2021-03-30 20:04:04  [main] com.bingeox.wechatbot.config.WeChatBotConfig.initWeChatBotClient(WeChatBotConfig.java:22) -- 正在链接... 
INFO  - 2021-03-30 20:04:04  [main] com.bingeox.wechatbot.config.WeChatBotConfig.initWeChatBotClient(WeChatBotConfig.java:22) -- 正在链接... 
INFO  - 2021-03-30 20:04:04  [main] com.bingeox.wechatbot.config.WeChatBotConfig.initWeChatBotClient(WeChatBotConfig.java:22) -- 正在链接... 
INFO  - 2021-03-30 20:04:04  [main] com.bingeox.wechatbot.config.WeChatBotConfig.initWeChatBotClient(WeChatBotConfig.java:22) -- 正在链接... 
INFO  - 2021-03-30 20:04:05  [main] com.bingeox.wechatbot.config.WeChatBotConfig.initWeChatBotClient(WeChatBotConfig.java:22) -- 正在链接... 
INFO  - 2021-03-30 20:04:05  [main] com.bingeox.wechatbot.config.WeChatBotConfig.initWeChatBotClient(WeChatBotConfig.java:22) -- 正在链接... 
INFO  - 2021-03-30 20:04:05  [main] com.bingeox.wechatbot.config.WeChatBotConfig.initWeChatBotClient(WeChatBotConfig.java:22) -- 正在链接... 
INFO  - 2021-03-30 20:04:05  [main] com.bingeox.wechatbot.config.WeChatBotConfig.initWeChatBotClient(WeChatBotConfig.java:22) -- 正在链接... 
INFO  - 2021-03-30 20:04:05  [main] com.bingeox.wechatbot.config.WeChatBotConfig.initWeChatBotClient(WeChatBotConfig.java:22) -- 正在链接... 
INFO  - 2021-03-30 20:04:06  [main] com.bingeox.wechatbot.config.WeChatBotConfig.initWeChatBotClient(WeChatBotConfig.java:22) -- 正在链接... 
INFO  - 2021-03-30 20:04:06  [main] com.bingeox.wechatbot.config.WeChatBotConfig.initWeChatBotClient(WeChatBotConfig.java:22) -- 正在链接... 
INFO  - 2021-03-30 21:05:18  [main] org.springframework.boot.StartupInfoLogger.logStarting(StartupInfoLogger.java:55) -- Starting WeChatBotApplication on WIN-5IVPKP15K6N with PID 52736 (D:\developing\wechat\WechatBot\target\classes started by Administrator in D:\developing\wechat\WechatBot) 
INFO  - 2021-03-30 21:05:18  [main] org.springframework.boot.SpringApplication.logStartupProfileInfo(SpringApplication.java:651) -- No active profile set, falling back to default profiles: default 
INFO  - 2021-03-30 21:05:19  [WebSocketConnectReadThread-19] com.bingeox.wechatbot.config.WeChatBotClient.onOpen(WeChatBotClient.java:35) -- 正在打开链接....httpStatu:101 httpStatusMessage:Switching Protocols 
INFO  - 2021-03-30 21:05:19  [main] com.bingeox.wechatbot.config.WeChatBotConfig.initWeChatBotClient(WeChatBotConfig.java:22) -- 正在链接... 
INFO  - 2021-03-30 21:05:20  [scheduling-1] com.bingeox.wechatbot.service.TestService.showNews(TestService.java:22) -- ------sendTextMsg------- 
INFO  - 2021-03-30 21:05:20  [main] org.springframework.boot.StartupInfoLogger.logStarted(StartupInfoLogger.java:61) -- Started WeChatBotApplication in 2.555 seconds (JVM running for 6.41) 
INFO  - 2021-03-30 21:05:20  [scheduling-1] com.bingeox.wechatbot.handler.WeChatMessageHandler.sendTextMsg(WeChatMessageHandler.java:56) -- sendTextMsg:{"content":"我用Java发送的微信！","id":"1617109520257","type":555,"wxid":"filehelper"} 
INFO  - 2021-03-30 21:05:20  [WebSocketConnectReadThread-19] com.bingeox.wechatbot.handler.WeChatMessageHandler.handMessage(WeChatMessageHandler.java:31) -- 收到消息：BaseMessage(type=555, content=send text msg:the text message sended succsess ！, id=1617109520257, receiver=null, sender=ROOT, srvid=1, time=2021-03-30 21:05:20) 
INFO  - 2021-03-30 21:05:23  [WebSocketConnectReadThread-19] com.bingeox.wechatbot.handler.WeChatMessageHandler.handMessage(WeChatMessageHandler.java:31) -- 收到消息：BaseMessage(type=3, content={"file":"8a3d32514013a348a859fa5ace9fa963_t.jpg","thumb":"XB987551372\\FileStorage\\Image\\Thumb\\2021-03\\8a3d32514013a348a859fa5ace9fa963_t.dat","detail":"XB987551372\\FileStorage\\Image\\2021-03\\8507907485d0d281da33efa7d90d280c.dat"}, id=20210330210523, receiver=13986924266@chatroom, sender=q458643616, srvid=1, time=2021-03-30 21:05:23) 
INFO  - 2021-03-30 21:05:30  [WebSocketConnectReadThread-19] com.bingeox.wechatbot.handler.WeChatMessageHandler.handMessage(WeChatMessageHandler.java:31) -- 收到消息：BaseMessage(type=5005, content=服务端心跳包发送，按设置周期，一般间隔15秒！, id=, receiver=null, sender=ROOT, srvid=1, time=2021-03-30 21:05:30) 
INFO  - 2021-03-30 21:05:36  [WebSocketConnectReadThread-19] com.bingeox.wechatbot.handler.WeChatMessageHandler.handMessage(WeChatMessageHandler.java:31) -- 收到消息：BaseMessage(type=3, content={"file":"0476b4c44390a0a227d62a7dba047079_t.jpg","thumb":"XB987551372\\FileStorage\\Image\\Thumb\\2021-03\\0476b4c44390a0a227d62a7dba047079_t.dat","detail":"XB987551372\\FileStorage\\Image\\2021-03\\5ef0dbd9327ba1beff981305b0ace4c7.dat"}, id=20210330210536, receiver=17928730806@chatroom, sender=wxid_m8sa8unl8xgs32, srvid=1, time=2021-03-30 21:05:36) 
INFO  - 2021-03-30 21:05:45  [WebSocketConnectReadThread-19] com.bingeox.wechatbot.handler.WeChatMessageHandler.handMessage(WeChatMessageHandler.java:31) -- 收到消息：BaseMessage(type=5005, content=服务端心跳包发送，按设置周期，一般间隔15秒！, id=, receiver=null, sender=ROOT, srvid=1, time=2021-03-30 21:05:45) 
INFO  - 2021-03-30 21:05:45  [WebSocketConnectReadThread-19] com.bingeox.wechatbot.handler.WeChatMessageHandler.handMessage(WeChatMessageHandler.java:31) -- 收到消息：BaseMessage(type=1, content=@一禅小黄兔 群主估计能赚多少钱？, id=20210330210545, receiver=17928730806@chatroom, sender=wxid_m8sa8unl8xgs32, srvid=1, time=2021-03-30 21:05:45) 
INFO  - 2021-03-30 21:05:46  [WebSocketConnectReadThread-19] com.bingeox.wechatbot.handler.WeChatMessageHandler.handMessage(WeChatMessageHandler.java:31) -- 收到消息：BaseMessage(type=1, content=各是各, id=20210330210546, receiver=self, sender=wxid_6057790578912, srvid=1, time=2021-03-30 21:05:46) 
INFO  - 2021-03-30 21:05:47  [WebSocketConnectReadThread-19] com.bingeox.wechatbot.handler.WeChatMessageHandler.handMessage(WeChatMessageHandler.java:31) -- 收到消息：BaseMessage(type=1, content=不一样, id=20210330210547, receiver=self, sender=wxid_6057790578912, srvid=1, time=2021-03-30 21:05:47) 
INFO  - 2021-03-30 21:05:50  [WebSocketConnectReadThread-19] com.bingeox.wechatbot.handler.WeChatMessageHandler.handMessage(WeChatMessageHandler.java:31) -- 收到消息：BaseMessage(type=1, content=明天看看忙不忙 不忙就把http的也搞了 , id=20210330210550, receiver=22049764763@chatroom, sender=wxid_epmpmh1lwt0g22, srvid=1, time=2021-03-30 21:05:50) 
INFO  - 2021-03-30 21:05:58  [WebSocketConnectReadThread-19] com.bingeox.wechatbot.handler.WeChatMessageHandler.handMessage(WeChatMessageHandler.java:31) -- 收到消息：BaseMessage(type=1, content=没法估计, id=20210330210558, receiver=17928730806@chatroom, sender=wxid_3605896056212, srvid=1, time=2021-03-30 21:05:58) 
INFO  - 2021-03-30 21:05:59  [WebSocketConnectReadThread-19] com.bingeox.wechatbot.handler.WeChatMessageHandler.handMessage(WeChatMessageHandler.java:31) -- 收到消息：BaseMessage(type=1, content=我怎么觉得还好呢, id=20210330210559, receiver=22049764763@chatroom, sender=wxid_xac3s4xmnxjt22, srvid=1, time=2021-03-30 21:05:59) 
INFO  - 2021-03-30 21:06:00  [WebSocketConnectReadThread-19] com.bingeox.wechatbot.handler.WeChatMessageHandler.handMessage(WeChatMessageHandler.java:31) -- 收到消息：BaseMessage(type=5005, content=服务端心跳包发送，按设置周期，一般间隔15秒！, id=, receiver=null, sender=ROOT, srvid=1, time=2021-03-30 21:06:00) 
INFO  - 2021-03-30 21:06:01  [WebSocketConnectReadThread-19] com.bingeox.wechatbot.handler.WeChatMessageHandler.handMessage(WeChatMessageHandler.java:31) -- 收到消息：BaseMessage(type=1, content=今天干不动了腰疼, id=20210330210601, receiver=22049764763@chatroom, sender=wxid_epmpmh1lwt0g22, srvid=1, time=2021-03-30 21:06:01) 
INFO  - 2021-03-30 21:06:01  [WebSocketConnectReadThread-19] com.bingeox.wechatbot.handler.WeChatMessageHandler.handMessage(WeChatMessageHandler.java:31) -- 收到消息：BaseMessage(type=1, content=妈始终是妈, id=20210330210601, receiver=self, sender=wxid_6057790578912, srvid=1, time=2021-03-30 21:06:01) 
INFO  - 2021-03-30 21:06:01  [WebSocketConnectReadThread-19] com.bingeox.wechatbot.handler.WeChatMessageHandler.handMessage(WeChatMessageHandler.java:31) -- 收到消息：BaseMessage(type=1, content=抢到就自己用[呲牙], id=20210330210601, receiver=17928730806@chatroom, sender=wxid_m8sa8unl8xgs32, srvid=1, time=2021-03-30 21:06:01) 
INFO  - 2021-03-30 21:06:06  [WebSocketConnectReadThread-19] com.bingeox.wechatbot.handler.WeChatMessageHandler.handMessage(WeChatMessageHandler.java:31) -- 收到消息：BaseMessage(type=1, content=这种新品, id=20210330210606, receiver=17928730806@chatroom, sender=wxid_3605896056212, srvid=1, time=2021-03-30 21:06:06) 
INFO  - 2021-03-30 21:06:09  [WebSocketConnectReadThread-19] com.bingeox.wechatbot.handler.WeChatMessageHandler.handMessage(WeChatMessageHandler.java:31) -- 收到消息：BaseMessage(type=1, content=注意身体, id=20210330210609, receiver=22049764763@chatroom, sender=wxid_xac3s4xmnxjt22, srvid=1, time=2021-03-30 21:06:09) 
INFO  - 2021-03-30 21:06:13  [WebSocketConnectReadThread-19] com.bingeox.wechatbot.handler.WeChatMessageHandler.handMessage(WeChatMessageHandler.java:31) -- 收到消息：BaseMessage(type=1, content=测试下, id=20210330210613, receiver=self, sender=wxid_9wrq5rwi31ye22, srvid=1, time=2021-03-30 21:06:13) 
INFO  - 2021-03-30 21:06:16  [WebSocketConnectReadThread-19] com.bingeox.wechatbot.handler.WeChatMessageHandler.sendTextMsg(WeChatMessageHandler.java:56) -- sendTextMsg:{"content":"你想测试什么？、","id":"1617109576516","type":555,"wxid":"wxid_9wrq5rwi31ye22"} 
INFO  - 2021-03-30 21:06:16  [WebSocketConnectReadThread-19] com.bingeox.wechatbot.handler.WeChatMessageHandler.handMessage(WeChatMessageHandler.java:31) -- 收到消息：BaseMessage(type=1, content=我又不是市场决定者, id=20210330210614, receiver=17928730806@chatroom, sender=wxid_3605896056212, srvid=1, time=2021-03-30 21:06:14) 
INFO  - 2021-03-30 21:06:16  [WebSocketConnectReadThread-19] com.bingeox.wechatbot.handler.WeChatMessageHandler.handMessage(WeChatMessageHandler.java:31) -- 收到消息：BaseMessage(type=5005, content=服务端心跳包发送，按设置周期，一般间隔15秒！, id=, receiver=null, sender=ROOT, srvid=1, time=2021-03-30 21:06:15) 
INFO  - 2021-03-30 21:06:16  [WebSocketConnectReadThread-19] com.bingeox.wechatbot.handler.WeChatMessageHandler.handMessage(WeChatMessageHandler.java:31) -- 收到消息：BaseMessage(type=555, content=send text msg:the text message sended succsess ！, id=1617109576516, receiver=null, sender=ROOT, srvid=1, time=2021-03-30 21:06:16) 
INFO  - 2021-03-30 21:06:20  [WebSocketConnectReadThread-19] com.bingeox.wechatbot.handler.WeChatMessageHandler.handMessage(WeChatMessageHandler.java:31) -- 收到消息：BaseMessage(type=1, content=用翻墙或者镜像, id=20210330210620, receiver=22049764763@chatroom, sender=wxid_epmpmh1lwt0g22, srvid=1, time=2021-03-30 21:06:20) 
INFO  - 2021-03-30 21:06:20  [WebSocketConnectReadThread-19] com.bingeox.wechatbot.handler.WeChatMessageHandler.handMessage(WeChatMessageHandler.java:31) -- 收到消息：BaseMessage(type=1, content=资金充足的可以抢一波, id=20210330210620, receiver=17928730806@chatroom, sender=wxid_3605896056212, srvid=1, time=2021-03-30 21:06:20) 
INFO  - 2021-03-30 21:06:24  [WebSocketConnectReadThread-19] com.bingeox.wechatbot.handler.WeChatMessageHandler.handMessage(WeChatMessageHandler.java:31) -- 收到消息：BaseMessage(type=1, content=不过说实话，这个价格比华为的厚道多了, id=20210330210624, receiver=17928730806@chatroom, sender=wxid_m8sa8unl8xgs32, srvid=1, time=2021-03-30 21:06:24) 
INFO  - 2021-03-30 21:06:27  [WebSocketConnectReadThread-19] com.bingeox.wechatbot.handler.WeChatMessageHandler.handMessage(WeChatMessageHandler.java:31) -- 收到消息：BaseMessage(type=1, content=大佬保护好腰子, id=20210330210627, receiver=22049764763@chatroom, sender=wxid_xac3s4xmnxjt22, srvid=1, time=2021-03-30 21:06:27) 
INFO  - 2021-03-30 21:06:30  [WebSocketConnectReadThread-19] com.bingeox.wechatbot.handler.WeChatMessageHandler.handMessage(WeChatMessageHandler.java:31) -- 收到消息：BaseMessage(type=5005, content=服务端心跳包发送，按设置周期，一般间隔15秒！, id=, receiver=null, sender=ROOT, srvid=1, time=2021-03-30 21:06:30) 
INFO  - 2021-03-30 21:06:32  [WebSocketConnectReadThread-19] com.bingeox.wechatbot.handler.WeChatMessageHandler.handMessage(WeChatMessageHandler.java:31) -- 收到消息：BaseMessage(type=1, content=大佬们, id=20210330210632, receiver=22049764763@chatroom, sender=wxid_xac3s4xmnxjt22, srvid=1, time=2021-03-30 21:06:32) 
INFO  - 2021-03-30 21:06:37  [WebSocketConnectReadThread-19] com.bingeox.wechatbot.handler.WeChatMessageHandler.handMessage(WeChatMessageHandler.java:31) -- 收到消息：BaseMessage(type=1, content=我一天都在翻, id=20210330210637, receiver=22049764763@chatroom, sender=wxid_lbca2qnlir9h22, srvid=1, time=2021-03-30 21:06:37) 
INFO  - 2021-03-30 21:06:45  [WebSocketConnectReadThread-19] com.bingeox.wechatbot.handler.WeChatMessageHandler.handMessage(WeChatMessageHandler.java:31) -- 收到消息：BaseMessage(type=5005, content=服务端心跳包发送，按设置周期，一般间隔15秒！, id=, receiver=null, sender=ROOT, srvid=1, time=2021-03-30 21:06:45) 
INFO  - 2021-03-30 21:06:49  [WebSocketConnectReadThread-19] com.bingeox.wechatbot.handler.WeChatMessageHandler.handMessage(WeChatMessageHandler.java:31) -- 收到消息：BaseMessage(type=1, content=测试你傻不傻, id=20210330210649, receiver=self, sender=wxid_9wrq5rwi31ye22, srvid=1, time=2021-03-30 21:06:49) 
INFO  - 2021-03-30 21:06:51  [WebSocketConnectReadThread-19] com.bingeox.wechatbot.handler.WeChatMessageHandler.sendTextMsg(WeChatMessageHandler.java:56) -- sendTextMsg:{"content":"傻傻才有人爱","id":"1617109611179","type":555,"wxid":"wxid_9wrq5rwi31ye22"} 
INFO  - 2021-03-30 21:06:51  [WebSocketConnectReadThread-19] com.bingeox.wechatbot.handler.WeChatMessageHandler.handMessage(WeChatMessageHandler.java:31) -- 收到消息：BaseMessage(type=555, content=send text msg:the text message sended succsess ！, id=1617109611179, receiver=null, sender=ROOT, srvid=1, time=2021-03-30 21:06:51) 
INFO  - 2021-03-30 21:07:00  [WebSocketConnectReadThread-19] com.bingeox.wechatbot.handler.WeChatMessageHandler.handMessage(WeChatMessageHandler.java:31) -- 收到消息：BaseMessage(type=5005, content=服务端心跳包发送，按设置周期，一般间隔15秒！, id=, receiver=null, sender=ROOT, srvid=1, time=2021-03-30 21:07:00) 
INFO  - 2021-03-30 21:07:15  [WebSocketConnectReadThread-19] com.bingeox.wechatbot.handler.WeChatMessageHandler.handMessage(WeChatMessageHandler.java:31) -- 收到消息：BaseMessage(type=5005, content=服务端心跳包发送，按设置周期，一般间隔15秒！, id=, receiver=null, sender=ROOT, srvid=1, time=2021-03-30 21:07:15) 
INFO  - 2021-03-30 21:07:27  [WebSocketConnectReadThread-19] com.bingeox.wechatbot.handler.WeChatMessageHandler.handMessage(WeChatMessageHandler.java:31) -- 收到消息：BaseMessage(type=1, content=我妈烦得很，我说给他买件衣服他还给你妈选条裤子，我都不好说不买[捂脸], id=20210330210727, receiver=self, sender=wxid_6057790578912, srvid=1, time=2021-03-30 21:07:27) 
INFO  - 2021-03-30 21:07:30  [WebSocketConnectReadThread-19] com.bingeox.wechatbot.handler.WeChatMessageHandler.handMessage(WeChatMessageHandler.java:31) -- 收到消息：BaseMessage(type=5005, content=服务端心跳包发送，按设置周期，一般间隔15秒！, id=, receiver=null, sender=ROOT, srvid=1, time=2021-03-30 21:07:30) 
INFO  - 2021-03-30 21:07:45  [WebSocketConnectReadThread-19] com.bingeox.wechatbot.handler.WeChatMessageHandler.handMessage(WeChatMessageHandler.java:31) -- 收到消息：BaseMessage(type=5005, content=服务端心跳包发送，按设置周期，一般间隔15秒！, id=, receiver=null, sender=ROOT, srvid=1, time=2021-03-30 21:07:45) 
INFO  - 2021-03-30 21:07:54  [WebSocketConnectReadThread-19] com.bingeox.wechatbot.handler.WeChatMessageHandler.handMessage(WeChatMessageHandler.java:31) -- 收到消息：BaseMessage(type=1, content=又到推荐<提问的智慧>的时候了.
https://github.com/ryanhanwu/How-To-Ask-Questions-The-Smart-Way/blob/main/README-zh_CN.md, id=20210330210754, receiver=13986924266@chatroom, sender=wxid_xyrz7hmnwsmv22, srvid=1, time=2021-03-30 21:07:54) 
INFO  - 2021-03-30 21:08:00  [WebSocketConnectReadThread-19] com.bingeox.wechatbot.handler.WeChatMessageHandler.handMessage(WeChatMessageHandler.java:31) -- 收到消息：BaseMessage(type=5005, content=服务端心跳包发送，按设置周期，一般间隔15秒！, id=, receiver=null, sender=ROOT, srvid=1, time=2021-03-30 21:08:00) 
INFO  - 2021-03-30 21:08:15  [WebSocketConnectReadThread-19] com.bingeox.wechatbot.handler.WeChatMessageHandler.handMessage(WeChatMessageHandler.java:31) -- 收到消息：BaseMessage(type=5005, content=服务端心跳包发送，按设置周期，一般间隔15秒！, id=, receiver=null, sender=ROOT, srvid=1, time=2021-03-30 21:08:15) 
INFO  - 2021-03-30 21:08:20  [WebSocketConnectReadThread-19] com.bingeox.wechatbot.handler.WeChatMessageHandler.handMessage(WeChatMessageHandler.java:31) -- 收到消息：BaseMessage(type=1, content=是不是规则里没加, id=20210330210820, receiver=22049764763@chatroom, sender=wxid_epmpmh1lwt0g22, srvid=1, time=2021-03-30 21:08:20) 
INFO  - 2021-03-30 21:08:23  [WebSocketConnectReadThread-19] com.bingeox.wechatbot.handler.WeChatMessageHandler.handMessage(WeChatMessageHandler.java:31) -- 收到消息：BaseMessage(type=1, content=github, id=20210330210823, receiver=22049764763@chatroom, sender=wxid_epmpmh1lwt0g22, srvid=1, time=2021-03-30 21:08:23) 
INFO  - 2021-03-30 21:08:30  [WebSocketConnectReadThread-19] com.bingeox.wechatbot.handler.WeChatMessageHandler.handMessage(WeChatMessageHandler.java:31) -- 收到消息：BaseMessage(type=5005, content=服务端心跳包发送，按设置周期，一般间隔15秒！, id=, receiver=null, sender=ROOT, srvid=1, time=2021-03-30 21:08:30) 
INFO  - 2021-03-30 21:08:45  [WebSocketConnectReadThread-19] com.bingeox.wechatbot.handler.WeChatMessageHandler.handMessage(WeChatMessageHandler.java:31) -- 收到消息：BaseMessage(type=5005, content=服务端心跳包发送，按设置周期，一般间隔15秒！, id=, receiver=null, sender=ROOT, srvid=1, time=2021-03-30 21:08:45) 
INFO  - 2021-03-30 21:09:00  [WebSocketConnectReadThread-19] com.bingeox.wechatbot.handler.WeChatMessageHandler.handMessage(WeChatMessageHandler.java:31) -- 收到消息：BaseMessage(type=5005, content=服务端心跳包发送，按设置周期，一般间隔15秒！, id=, receiver=null, sender=ROOT, srvid=1, time=2021-03-30 21:09:00) 
INFO  - 2021-03-30 21:09:11  [WebSocketConnectReadThread-19] com.bingeox.wechatbot.handler.WeChatMessageHandler.handMessage(WeChatMessageHandler.java:31) -- 收到消息：BaseMessage(type=1, content=为啥不好意思, id=20210330210911, receiver=self, sender=wxid_6057790578912, srvid=1, time=2021-03-30 21:09:10) 
INFO  - 2021-03-30 21:09:15  [WebSocketConnectReadThread-19] com.bingeox.wechatbot.handler.WeChatMessageHandler.handMessage(WeChatMessageHandler.java:31) -- 收到消息：BaseMessage(type=5005, content=服务端心跳包发送，按设置周期，一般间隔15秒！, id=, receiver=null, sender=ROOT, srvid=1, time=2021-03-30 21:09:15) 
INFO  - 2021-03-30 21:09:30  [WebSocketConnectReadThread-19] com.bingeox.wechatbot.handler.WeChatMessageHandler.handMessage(WeChatMessageHandler.java:31) -- 收到消息：BaseMessage(type=5005, content=服务端心跳包发送，按设置周期，一般间隔15秒！, id=, receiver=null, sender=ROOT, srvid=1, time=2021-03-30 21:09:30) 
INFO  - 2021-03-30 21:09:45  [WebSocketConnectReadThread-19] com.bingeox.wechatbot.handler.WeChatMessageHandler.handMessage(WeChatMessageHandler.java:31) -- 收到消息：BaseMessage(type=5005, content=服务端心跳包发送，按设置周期，一般间隔15秒！, id=, receiver=null, sender=ROOT, srvid=1, time=2021-03-30 21:09:45) 
INFO  - 2021-03-31 09:38:41  [main] org.springframework.boot.StartupInfoLogger.logStarting(StartupInfoLogger.java:55) -- Starting WeChatBotApplication on WIN-5IVPKP15K6N with PID 60072 (D:\developing\wechat\WechatBot\target\classes started by Administrator in D:\developing\wechat\WechatBot) 
INFO  - 2021-03-31 09:38:41  [main] org.springframework.boot.SpringApplication.logStartupProfileInfo(SpringApplication.java:651) -- No active profile set, falling back to default profiles: default 
INFO  - 2021-03-31 09:38:44  [WebSocketConnectReadThread-23] com.bingeox.wechatbot.config.WeChatBotClient.onOpen(WeChatBotClient.java:35) -- 正在打开链接....httpStatu:101 httpStatusMessage:Switching Protocols 
INFO  - 2021-03-31 09:38:44  [main] com.bingeox.wechatbot.config.WeChatBotConfig.initWeChatBotClient(WeChatBotConfig.java:22) -- 正在链接... 
INFO  - 2021-03-31 09:38:44  [scheduling-1] com.bingeox.wechatbot.service.TestService.showNews(TestService.java:22) -- ------sendTextMsg------- 
INFO  - 2021-03-31 09:38:44  [main] org.springframework.boot.StartupInfoLogger.logStarted(StartupInfoLogger.java:61) -- Started WeChatBotApplication in 3.334 seconds (JVM running for 6.561) 
INFO  - 2021-03-31 09:38:44  [scheduling-1] com.bingeox.wechatbot.handler.WeChatMessageHandler.sendTextMsg(WeChatMessageHandler.java:56) -- sendTextMsg:{"content":"我用Java发送的微信！","id":"1617154724479","type":555,"wxid":"filehelper"} 
INFO  - 2021-03-31 09:38:44  [WebSocketConnectReadThread-23] com.bingeox.wechatbot.handler.WeChatMessageHandler.handMessage(WeChatMessageHandler.java:31) -- 收到消息：BaseMessage(type=555, content=send text msg:the text message sended succsess ！, id=1617154724479, receiver=null, sender=ROOT, srvid=1, time=2021-03-31 09:38:44) 
INFO  - 2021-03-31 09:38:52  [WebSocketConnectReadThread-23] com.bingeox.wechatbot.handler.WeChatMessageHandler.handMessage(WeChatMessageHandler.java:31) -- 收到消息：BaseMessage(type=5005, content=服务端心跳包发送，按设置周期，一般间隔15秒！, id=, receiver=null, sender=ROOT, srvid=1, time=2021-03-31 09:38:52) 
INFO  - 2021-03-31 09:39:04  [WebSocketConnectReadThread-23] com.bingeox.wechatbot.handler.WeChatMessageHandler.handMessage(WeChatMessageHandler.java:31) -- 收到消息：BaseMessage(type=1, content=几点了, id=20210331093904, receiver=self, sender=wxid_9wrq5rwi31ye22, srvid=1, time=2021-03-31 09:39:04) 
INFO  - 2021-03-31 09:39:05  [WebSocketConnectReadThread-23] com.bingeox.wechatbot.handler.WeChatMessageHandler.sendTextMsg(WeChatMessageHandler.java:56) -- sendTextMsg:{"content":"没有表","id":"1617154745748","type":555,"wxid":"wxid_9wrq5rwi31ye22"} 
INFO  - 2021-03-31 09:39:05  [WebSocketConnectReadThread-23] com.bingeox.wechatbot.handler.WeChatMessageHandler.handMessage(WeChatMessageHandler.java:31) -- 收到消息：BaseMessage(type=555, content=send text msg:the text message sended succsess ！, id=1617154745748, receiver=null, sender=ROOT, srvid=1, time=2021-03-31 09:39:05) 
INFO  - 2021-03-31 09:39:07  [WebSocketConnectReadThread-23] com.bingeox.wechatbot.handler.WeChatMessageHandler.handMessage(WeChatMessageHandler.java:31) -- 收到消息：BaseMessage(type=5005, content=服务端心跳包发送，按设置周期，一般间隔15秒！, id=, receiver=null, sender=ROOT, srvid=1, time=2021-03-31 09:39:07) 
INFO  - 2021-03-31 09:39:22  [WebSocketConnectReadThread-23] com.bingeox.wechatbot.handler.WeChatMessageHandler.handMessage(WeChatMessageHandler.java:31) -- 收到消息：BaseMessage(type=5005, content=服务端心跳包发送，按设置周期，一般间隔15秒！, id=, receiver=null, sender=ROOT, srvid=1, time=2021-03-31 09:39:22) 
INFO  - 2021-03-31 09:39:29  [WebSocketConnectReadThread-23] com.bingeox.wechatbot.handler.WeChatMessageHandler.handMessage(WeChatMessageHandler.java:31) -- 收到消息：BaseMessage(type=1, content=你看下手机嘛, id=20210331093929, receiver=self, sender=wxid_9wrq5rwi31ye22, srvid=1, time=2021-03-31 09:39:29) 
INFO  - 2021-03-31 09:39:31  [WebSocketConnectReadThread-23] com.bingeox.wechatbot.handler.WeChatMessageHandler.sendTextMsg(WeChatMessageHandler.java:56) -- sendTextMsg:{"content":"想看什么都可以看。","id":"1617154771837","type":555,"wxid":"wxid_9wrq5rwi31ye22"} 
INFO  - 2021-03-31 09:39:31  [WebSocketConnectReadThread-23] com.bingeox.wechatbot.handler.WeChatMessageHandler.handMessage(WeChatMessageHandler.java:31) -- 收到消息：BaseMessage(type=555, content=send text msg:the text message sended succsess ！, id=1617154771837, receiver=null, sender=ROOT, srvid=1, time=2021-03-31 09:39:31) 
INFO  - 2021-03-31 09:39:37  [WebSocketConnectReadThread-23] com.bingeox.wechatbot.handler.WeChatMessageHandler.handMessage(WeChatMessageHandler.java:31) -- 收到消息：BaseMessage(type=5005, content=服务端心跳包发送，按设置周期，一般间隔15秒！, id=, receiver=null, sender=ROOT, srvid=1, time=2021-03-31 09:39:37) 
INFO  - 2021-03-31 09:39:48  [WebSocketConnectReadThread-23] com.bingeox.wechatbot.handler.WeChatMessageHandler.handMessage(WeChatMessageHandler.java:31) -- 收到消息：BaseMessage(type=1, content=你就是个人工智障, id=20210331093948, receiver=self, sender=wxid_9wrq5rwi31ye22, srvid=1, time=2021-03-31 09:39:48) 
INFO  - 2021-03-31 09:39:49  [WebSocketConnectReadThread-23] com.bingeox.wechatbot.handler.WeChatMessageHandler.sendTextMsg(WeChatMessageHandler.java:56) -- sendTextMsg:{"content":"表示不喜欢你这样的说话方式￣ヘ￣","id":"1617154789564","type":555,"wxid":"wxid_9wrq5rwi31ye22"} 
INFO  - 2021-03-31 09:39:49  [WebSocketConnectReadThread-23] com.bingeox.wechatbot.handler.WeChatMessageHandler.handMessage(WeChatMessageHandler.java:31) -- 收到消息：BaseMessage(type=555, content=send text msg:the text message sended succsess ！, id=1617154789564, receiver=null, sender=ROOT, srvid=1, time=2021-03-31 09:39:49) 
INFO  - 2021-03-31 09:39:52  [WebSocketConnectReadThread-23] com.bingeox.wechatbot.handler.WeChatMessageHandler.handMessage(WeChatMessageHandler.java:31) -- 收到消息：BaseMessage(type=5005, content=服务端心跳包发送，按设置周期，一般间隔15秒！, id=, receiver=null, sender=ROOT, srvid=1, time=2021-03-31 09:39:52) 
INFO  - 2021-03-31 09:40:05  [WebSocketConnectReadThread-23] com.bingeox.wechatbot.handler.WeChatMessageHandler.handMessage(WeChatMessageHandler.java:31) -- 收到消息：BaseMessage(type=1, content=脑子有包, id=20210331094005, receiver=self, sender=wxid_9wrq5rwi31ye22, srvid=1, time=2021-03-31 09:40:05) 
INFO  - 2021-03-31 09:40:07  [WebSocketConnectReadThread-23] com.bingeox.wechatbot.handler.WeChatMessageHandler.sendTextMsg(WeChatMessageHandler.java:56) -- sendTextMsg:{"content":"你看错了，真的","id":"1617154807668","type":555,"wxid":"wxid_9wrq5rwi31ye22"} 
INFO  - 2021-03-31 09:40:07  [WebSocketConnectReadThread-23] com.bingeox.wechatbot.handler.WeChatMessageHandler.handMessage(WeChatMessageHandler.java:31) -- 收到消息：BaseMessage(type=555, content=send text msg:the text message sended succsess ！, id=1617154807668, receiver=null, sender=ROOT, srvid=1, time=2021-03-31 09:40:07) 
INFO  - 2021-03-31 09:40:07  [WebSocketConnectReadThread-23] com.bingeox.wechatbot.handler.WeChatMessageHandler.handMessage(WeChatMessageHandler.java:31) -- 收到消息：BaseMessage(type=5005, content=服务端心跳包发送，按设置周期，一般间隔15秒！, id=, receiver=null, sender=ROOT, srvid=1, time=2021-03-31 09:40:07) 
INFO  - 2021-03-31 09:40:22  [WebSocketConnectReadThread-23] com.bingeox.wechatbot.handler.WeChatMessageHandler.handMessage(WeChatMessageHandler.java:31) -- 收到消息：BaseMessage(type=5005, content=服务端心跳包发送，按设置周期，一般间隔15秒！, id=, receiver=null, sender=ROOT, srvid=1, time=2021-03-31 09:40:22) 
INFO  - 2021-03-31 12:21:13  [main] org.springframework.boot.StartupInfoLogger.logStarting(StartupInfoLogger.java:55) -- Starting WeChatBotApplication on WIN-5IVPKP15K6N with PID 73964 (D:\developing\wechat\WechatBot\target\classes started by Administrator in D:\developing\wechat\WechatBot) 
INFO  - 2021-03-31 12:21:13  [main] org.springframework.boot.SpringApplication.logStartupProfileInfo(SpringApplication.java:651) -- No active profile set, falling back to default profiles: default 
INFO  - 2021-04-01 20:13:41  [main] com.bingeox.wechatbot.utils.HttpClientUtils.httpPost(HttpClientUtils.java:42) -- do post,param:{"timeStamp":1617279221,"question":"几点了","session":"K5SWG2DBOQWWE33UFUYDAMI","appId":2169150286,"sign":"5FCDA7F032A8EA86964EE78DD821C251","nonceStr":"545c3ec8-f676-4387-87fa-50e3a790a056"} 
INFO  - 2021-04-01 20:14:37  [main] com.bingeox.wechatbot.utils.HttpClientUtils.httpPost(HttpClientUtils.java:42) -- do post,param:{"timeStamp":1617279277,"question":"几点了","session":"K5SWG2DBOQWWE33UFUYDAMI","appId":2169150286,"sign":"00A3830FB075AEF549F68395217B76DB","nonceStr":"56e7da9b-ef23-42c5-b98a-8e5d9c3570a7"} 
INFO  - 2021-04-01 20:16:20  [main] com.bingeox.wechatbot.utils.HttpClientUtils.httpPost(HttpClientUtils.java:42) -- do post,param:{"timeStamp":1617279380,"question":"几点了","session":"K5SWG2DBOQWWE33UFUYDAMI","appId":2169150286,"sign":"8478215502D62C94BBFA0E11E462D6C1","nonceStr":"f7664390-c6de-41c8-a514-89572d442f98"} 
INFO  - 2021-04-06 16:53:29  [main] com.bingeox.wechatbot.utils.HttpClientUtils.httpPost(HttpClientUtils.java:42) -- do post,param:{"mode":0,"restype":0,"question":"几点了","key":"6d82ba25df8a6fd82d320c47b1d197f8","uniqueId":"K5SWG2DBOQWWE33UFUYDAMI"} 
INFO  - 2021-04-06 16:53:44  [main] com.bingeox.wechatbot.utils.HttpClientUtils.httpPost(HttpClientUtils.java:42) -- do post,param:{"mode":0,"restype":0,"question":"几点了","key":"6d82ba25df8a6fd82d320c47b1d197f8","uniqueId":"K5SWG2DBOQWWE33UFUYDAMI"} 
INFO  - 2021-04-06 16:54:11  [main] com.bingeox.wechatbot.utils.HttpClientUtils.httpPost(HttpClientUtils.java:42) -- do post,param:{"mode":0,"restype":0,"question":"几点了","key":"6d82ba25df8a6fd82d320c47b1d197f8","uniqueId":"K5SWG2DBOQWWE33UFUYDAMI"} 
INFO  - 2021-04-06 16:54:58  [main] com.bingeox.wechatbot.utils.HttpClientUtils.httpPost(HttpClientUtils.java:42) -- do post,param:{"appKey":"3b4b4d8f-72c6-40a9-b5f8-c058f668c056","userId":"K5SWG2DBOQWWE33UFUYDAMI","req":"几点了"} 
INFO  - 2021-04-06 16:55:46  [main] com.bingeox.wechatbot.utils.HttpClientUtils.httpPost(HttpClientUtils.java:42) -- do post,param:{"appId":"3f9ae1c73db460f4bbb2b491c9119eec","spoken":"几点饿了","userId":"K5SWG2DBOQWWE33UFUYDAMI"} 
INFO  - 2021-04-06 16:58:49  [main] com.bingeox.wechatbot.utils.HttpClientUtils.httpPost(HttpClientUtils.java:42) -- do post,param:{"appId":"3f9ae1c73db460f4bbb2b491c9119eec","spoken":"几点了","userId":"K5SWG2DBOQWWE33UFUYDAMI"} 
